This is pdfTeX, Version 3.14159265-2.6-1.40.21 (TeX Live 2020) (preloaded format=pdflatex 2020.6.28)  17 DEC 2020 00:13
entering extended mode
 restricted \write18 enabled.
 file:line:error style messages enabled.
 %&-line parsing enabled.
**"/Users/bernardopaulsen/Google Drive/projects/objectivism/objectivism.tex"
(/Users/bernardopaulsen/Google Drive/projects/objectivism/objectivism.tex
LaTeX2e <2020-02-02> patch level 5
L3 programming layer <2020-03-06> (/usr/local/texlive/2020/texmf-dist/tex/latex/base/book.cls
Document Class: book 2019/12/20 v1.4l Standard LaTeX document class
(/usr/local/texlive/2020/texmf-dist/tex/latex/base/bk10.clo
File: bk10.clo 2019/12/20 v1.4l Standard LaTeX file (size option)
)
\c@part=\count167
\c@chapter=\count168
\c@section=\count169
\c@subsection=\count170
\c@subsubsection=\count171
\c@paragraph=\count172
\c@subparagraph=\count173
\c@figure=\count174
\c@table=\count175
\abovecaptionskip=\skip47
\belowcaptionskip=\skip48
\bibindent=\dimen134
) (/usr/local/texlive/2020/texmf-dist/tex/latex/base/inputenc.sty
Package: inputenc 2018/08/11 v1.3c Input encoding file
\inpenc@prehook=\toks15
\inpenc@posthook=\toks16
) (/usr/local/texlive/2020/texmf-dist/tex/latex/amscls/amsthm.sty
Package: amsthm 2017/10/31 v2.20.4
\thm@style=\toks17
\thm@bodyfont=\toks18
\thm@headfont=\toks19
\thm@notefont=\toks20
\thm@headpunct=\toks21
\thm@preskip=\skip49
\thm@postskip=\skip50
\thm@headsep=\skip51
\dth@everypar=\toks22
) (/usr/local/texlive/2020/texmf-dist/tex/latex/comment/comment.sty
\CommentStream=\write3
 Excluding comment 'comment')
\c@axiom=\count176
\c@corollary=\count177
\c@definition=\count178
\c@theorem=\count179
 (/usr/local/texlive/2020/texmf-dist/tex/latex/l3backend/l3backend-pdfmode.def
File: l3backend-pdfmode.def 2020-03-12 L3 backend support: PDF mode
\l__kernel_color_stack_int=\count180
\l__pdf_internal_box=\box45
) (/Users/bernardopaulsen/Google Drive/projects/objectivism/objectivism.aux

LaTeX Warning: Label `cor:consciousness' multiply defined.


LaTeX Warning: Label `the:similarities' multiply defined.

)
\openout1 = `objectivism.aux'.

LaTeX Font Info:    Checking defaults for OML/cmm/m/it on input line 19.
LaTeX Font Info:    ... okay on input line 19.
LaTeX Font Info:    Checking defaults for OMS/cmsy/m/n on input line 19.
LaTeX Font Info:    ... okay on input line 19.
LaTeX Font Info:    Checking defaults for OT1/cmr/m/n on input line 19.
LaTeX Font Info:    ... okay on input line 19.
LaTeX Font Info:    Checking defaults for T1/cmr/m/n on input line 19.
LaTeX Font Info:    ... okay on input line 19.
LaTeX Font Info:    Checking defaults for TS1/cmr/m/n on input line 19.
LaTeX Font Info:    ... okay on input line 19.
LaTeX Font Info:    Checking defaults for OMX/cmex/m/n on input line 19.
LaTeX Font Info:    ... okay on input line 19.
LaTeX Font Info:    Checking defaults for U/cmr/m/n on input line 19.
LaTeX Font Info:    ... okay on input line 19.
LaTeX Font Info:    External font `cmex10' loaded for size
(Font)              <12> on input line 23.
LaTeX Font Info:    External font `cmex10' loaded for size
(Font)              <8> on input line 23.
LaTeX Font Info:    External font `cmex10' loaded for size
(Font)              <6> on input line 23.
 [1



{/usr/local/texlive/2020/texmf-var/fonts/map/pdftex/updmap/pdftex.map}] [2

] (/Users/bernardopaulsen/Google Drive/projects/objectivism/objectivism.toc
LaTeX Font Info:    External font `cmex10' loaded for size
(Font)              <7> on input line 6.
LaTeX Font Info:    External font `cmex10' loaded for size
(Font)              <5> on input line 6.
 [3] [4])
\tf@toc=\write4
\openout4 = `objectivism.toc'.

 (/Users/bernardopaulsen/Google Drive/projects/objectivism/dedication.tex [5] [6

]) (/Users/bernardopaulsen/Google Drive/projects/objectivism/preface.tex [7] [8

]) (/Users/bernardopaulsen/Google Drive/projects/objectivism/introduction.tex [9] [10

]) [11] [12

] (/Users/bernardopaulsen/Google Drive/projects/objectivism/1.tex [1

] [2]
Chapter 1.

Overfull \hbox (0.67468pt too wide) in paragraph at lines 5--5
[]\OT1/cmr/bx/n/14.4 Existence, Iden-tity and Con-scious-ness as the
 []

[3

]
Overfull \hbox (15.7228pt too wide) in paragraph at lines 53--54
[]\OT1/cmr/m/n/10 Two corol-lar-ies are im-plicit in the Law of Iden-tity: the Law of Non-Contradiction
 []

[4] [5]) (/Users/bernardopaulsen/Google Drive/projects/objectivism/2.tex [6] [7

] [8]
Chapter 2.
[9

] [10] [11]) (/Users/bernardopaulsen/Google Drive/projects/objectivism/3.tex [12]
Chapter 3.

Overfull \hbox (0.41295pt too wide) in paragraph at lines 9--9
[]\OT1/cmr/bx/n/14.4 Differentiation and In-te-gra-tion as the Means
 []

[13

] [14] [15]
Overfull \hbox (38.83118pt too wide) in paragraph at lines 138--138
[]\OT1/cmr/bx/n/14.4 Definition as the Fi-nal Step in Concept-Formation 
 []

[16] [17]) (/Users/bernardopaulsen/Google Drive/projects/objectivism/4.tex [18]
Chapter 4.
[19

]) (/Users/bernardopaulsen/Google Drive/projects/objectivism/5.tex [20]
Chapter 5.
) (/Users/bernardopaulsen/Google Drive/projects/objectivism/6.tex
Underfull \vbox (badness 10000) has occurred while \output is active []

 [21

] [22] [23

] [24]
Chapter 6.
[25

]) (/Users/bernardopaulsen/Google Drive/projects/objectivism/7.tex [26]
Chapter 7.
[27

]
Overfull \hbox (7.24419pt too wide) in paragraph at lines 53--54
[]\OT1/cmr/m/it/10 Principles con-cern-ing the dis-tinc-tion be-tween
 []

[28] [29]) (/Users/bernardopaulsen/Google Drive/projects/objectivism/8.tex [30]
Chapter 8.
) (/Users/bernardopaulsen/Google Drive/projects/objectivism/9.tex [31

] [32

]
Chapter 9.
) (/Users/bernardopaulsen/Google Drive/projects/objectivism/10.tex [33] [34

] [35] [36]
Chapter 10.

Overfull \hbox (5.74634pt too wide) in paragraph at lines 7--7
[]\OT1/cmr/bx/n/14.4 Government as an Agency to Pro-tect Rights 
 []

) (/Users/bernardopaulsen/Google Drive/projects/objectivism/11.tex [37

] [38

]
Chapter 11.
) (/Users/bernardopaulsen/Google Drive/projects/objectivism/12.tex [39] [40

] [41] [42]
Chapter 12.

Overfull \hbox (5.97964pt too wide) in paragraph at lines 7--7
[]\OT1/cmr/bx/n/14.4 Romantic Lit-er-a-ture as Il-lus-trat-ing the Role
 []

) [43

] (/Users/bernardopaulsen/Google Drive/projects/objectivism/objectivism.aux)

LaTeX Warning: There were multiply-defined labels.

 ) 
Here is how much of TeX's memory you used:
 724 strings out of 480608
 12963 string characters out of 5903630
 248084 words of memory out of 5000000
 16630 multiletter control sequences out of 15000+600000
 538839 words of font info for 45 fonts, out of 8000000 for 9000
 1141 hyphenation exceptions out of 8191
 25i,6n,20p,693b,210s stack positions out of 5000i,500n,10000p,200000b,80000s
{/usr/local/texlive/2020/texmf-dist/fonts/enc/dvips/cm-super/cm-super-ts1.enc}</usr/local/texlive/2020/texmf-dist/fonts/type1/public/amsfonts/cm/cmbx10.pfb></usr/local/texlive/2020/texmf-dist/fonts/type1/public/amsfonts/cm/cmbx12.pfb></usr/local/texlive/2020/texmf-dist/fonts/type1/public/amsfonts/cm/cmr10.pfb></usr/local/texlive/2020/texmf-dist/fonts/type1/public/amsfonts/cm/cmr12.pfb></usr/local/texlive/2020/texmf-dist/fonts/type1/public/amsfonts/cm/cmr17.pfb></usr/local/texlive/2020/texmf-dist/fonts/type1/public/amsfonts/cm/cmsl10.pfb></usr/local/texlive/2020/texmf-dist/fonts/type1/public/amsfonts/cm/cmti10.pfb></usr/local/texlive/2020/texmf-dist/fonts/type1/public/cm-super/sfrm1000.pfb>
Output written on "/Users/bernardopaulsen/Google Drive/projects/objectivism/objectivism.pdf" (55 pages, 183516 bytes).
PDF statistics:
 216 PDF objects out of 1000 (max. 8388607)
 149 compressed objects within 2 object streams
 0 named destinations out of 1000 (max. 500000)
 1 words of extra memory for PDF output out of 10000 (max. 10000000)

